# JRE version: Java(TM) SE Runtime Environment (17.0.10+11) (build 17.0.10+11-LTS-240)
# Java VM: Java HotSpot(TM) 64-Bit Server VM (17.0.10+11-LTS-240, mixed mode, sharing, tiered, compressed oops, compressed class ptrs, g1 gc, windows-amd64)
GC Precious Log:
 CPUs: 4 total, 4 available
 Memory: 8101M
 Large Page Support: Disabled
 NUMA Support: Disabled
 Compressed Oops: Enabled (32-bit)
 Heap Region Size: 1M
 Heap Min Capacity: 8M
 Heap Initial Capacity: 128M
 Heap Max Capacity: 2026M
 Pre-touch: Disabled
 Parallel Workers: 4
 Concurrent Workers: 1
 Concurrent Refinement Workers: 4
 Periodic GC: Disabled
Heap:
 garbage-first heap   total 60416K, used 22725K [0x0000000081600000, 0x0000000100000000)
  region size 1024K, 3 young (3072K), 3 survivors (3072K)
 Metaspace       used 52017K, committed 52480K, reserved 1114112K
  class space    used 7087K, committed 7296K, reserved 1048576K
GC Heap History (20 events):
Event: 3.269 GC heap after
{Heap after GC invocations=4 (full 0):
 garbage-first heap   total 131072K, used 13687K [0x0000000081600000, 0x0000000100000000)
  region size 1024K, 8 young (8192K), 8 survivors (8192K)
 Metaspace       used 21179K, committed 21504K, reserved 1114112K
  class space    used 2604K, committed 2752K, reserved 1048576K
}
Event: 3.986 GC heap before
{Heap before GC invocations=5 (full 0):
 garbage-first heap   total 51200K, used 36215K [0x0000000081600000, 0x0000000100000000)
  region size 1024K, 30 young (30720K), 8 survivors (8192K)
 Metaspace       used 26140K, committed 26560K, reserved 1114112K
  class space    used 3224K, committed 3392K, reserved 1048576K
}
Event: 4.002 GC heap after
{Heap after GC invocations=6 (full 0):
 garbage-first heap   total 51200K, used 16227K [0x0000000081600000, 0x0000000100000000)
  region size 1024K, 3 young (3072K), 3 survivors (3072K)
 Metaspace       used 26140K, committed 26560K, reserved 1114112K
  class space    used 3224K, committed 3392K, reserved 1048576K
}
Event: 4.026 GC heap before
{Heap before GC invocations=6 (full 0):
 garbage-first heap   total 51200K, used 17251K [0x0000000081600000, 0x0000000100000000)
  region size 1024K, 4 young (4096K), 3 survivors (3072K)
 Metaspace       used 26556K, committed 26944K, reserved 1114112K
  class space    used 3263K, committed 3392K, reserved 1048576K
}
Event: 4.037 GC heap after
{Heap after GC invocations=7 (full 0):
 garbage-first heap   total 51200K, used 16605K [0x0000000081600000, 0x0000000100000000)
  region size 1024K, 1 young (1024K), 1 survivors (1024K)
 Metaspace       used 26556K, committed 26944K, reserved 1114112K
  class space    used 3263K, committed 3392K, reserved 1048576K
}
Event: 4.566 GC heap before
{Heap before GC invocations=7 (full 0):
 garbage-first heap   total 51200K, used 35037K [0x0000000081600000, 0x0000000100000000)
  region size 1024K, 20 young (20480K), 1 survivors (1024K)
 Metaspace       used 31901K, committed 32256K, reserved 1114112K
  class space    used 3991K, committed 4160K, reserved 1048576K
}
Event: 4.567 GC heap after
{Heap after GC invocations=8 (full 0):
 garbage-first heap   total 51200K, used 17121K [0x0000000081600000, 0x0000000100000000)
  region size 1024K, 1 young (1024K), 1 survivors (1024K)
 Metaspace       used 31901K, committed 32256K, reserved 1114112K
  class space    used 3991K, committed 4160K, reserved 1048576K
}
Event: 4.853 GC heap before
{Heap before GC invocations=8 (full 0):
 garbage-first heap   total 51200K, used 31457K [0x0000000081600000, 0x0000000100000000)
  region size 1024K, 16 young (16384K), 1 survivors (1024K)
 Metaspace       used 35612K, committed 35968K, reserved 1114112K
  class space    used 4602K, committed 4800K, reserved 1048576K
}
Event: 4.855 GC heap after
{Heap after GC invocations=9 (full 0):
 garbage-first heap   total 51200K, used 17805K [0x0000000081600000, 0x0000000100000000)
  region size 1024K, 2 young (2048K), 2 survivors (2048K)
 Metaspace       used 35612K, committed 35968K, reserved 1114112K
  class space    used 4602K, committed 4800K, reserved 1048576K
}
Event: 5.352 GC heap before
{Heap before GC invocations=10 (full 0):
 garbage-first heap   total 51200K, used 38285K [0x0000000081600000, 0x0000000100000000)
  region size 1024K, 22 young (22528K), 2 survivors (2048K)
 Metaspace       used 42199K, committed 42624K, reserved 1114112K
  class space    used 5613K, committed 5824K, reserved 1048576K
}
Event: 5.356 GC heap after
{Heap after GC invocations=11 (full 0):
 garbage-first heap   total 51200K, used 18829K [0x0000000081600000, 0x0000000100000000)
  region size 1024K, 2 young (2048K), 2 survivors (2048K)
 Metaspace       used 42199K, committed 42624K, reserved 1114112K
  class space    used 5613K, committed 5824K, reserved 1048576K
}
Event: 5.385 GC heap before
{Heap before GC invocations=11 (full 0):
 garbage-first heap   total 51200K, used 19853K [0x0000000081600000, 0x0000000100000000)
  region size 1024K, 3 young (3072K), 2 survivors (2048K)
 Metaspace       used 42465K, committed 42880K, reserved 1114112K
  class space    used 5674K, committed 5888K, reserved 1048576K
}
Event: 5.391 GC heap after
{Heap after GC invocations=12 (full 0):
 garbage-first heap   total 51200K, used 18620K [0x0000000081600000, 0x0000000100000000)
  region size 1024K, 1 young (1024K), 1 survivors (1024K)
 Metaspace       used 42465K, committed 42880K, reserved 1114112K
  class space    used 5674K, committed 5888K, reserved 1048576K
}
Event: 5.923 GC heap before
{Heap before GC invocations=12 (full 0):
 garbage-first heap   total 51200K, used 37052K [0x0000000081600000, 0x0000000100000000)
  region size 1024K, 20 young (20480K), 1 survivors (1024K)
 Metaspace       used 47128K, committed 47552K, reserved 1114112K
  class space    used 6391K, committed 6592K, reserved 1048576K
}
Event: 5.925 GC heap after
{Heap after GC invocations=13 (full 0):
 garbage-first heap   total 51200K, used 19760K [0x0000000081600000, 0x0000000100000000)
  region size 1024K, 2 young (2048K), 2 survivors (2048K)
 Metaspace       used 47128K, committed 47552K, reserved 1114112K
  class space    used 6391K, committed 6592K, reserved 1048576K
}
Event: 6.316 GC heap before
{Heap before GC invocations=14 (full 0):
 garbage-first heap   total 51200K, used 38192K [0x0000000081600000, 0x0000000100000000)
  region size 1024K, 21 young (21504K), 2 survivors (2048K)
 Metaspace       used 49911K, committed 50432K, reserved 1114112K
  class space    used 6807K, committed 7040K, reserved 1048576K
}
Event: 6.319 GC heap after
{Heap after GC invocations=15 (full 0):
 garbage-first heap   total 51200K, used 21203K [0x0000000081600000, 0x0000000100000000)
  region size 1024K, 3 young (3072K), 3 survivors (3072K)
 Metaspace       used 49911K, committed 50432K, reserved 1114112K
  class space    used 6807K, committed 7040K, reserved 1048576K
}
Event: 6.349 GC heap before
{Heap before GC invocations=15 (full 0):
 garbage-first heap   total 51200K, used 22227K [0x0000000081600000, 0x0000000100000000)
  region size 1024K, 4 young (4096K), 3 survivors (3072K)
 Metaspace       used 50041K, committed 50560K, reserved 1114112K
  class space    used 6821K, committed 7104K, reserved 1048576K
}
Event: 6.355 GC heap after
{Heap after GC invocations=16 (full 0):
 garbage-first heap   total 51200K, used 21085K [0x0000000081600000, 0x0000000100000000)
  region size 1024K, 1 young (1024K), 1 survivors (1024K)
 Metaspace       used 50041K, committed 50560K, reserved 1114112K
  class space    used 6821K, committed 7104K, reserved 1048576K
}
Event: 6.810 GC heap before
{Heap before GC invocations=16 (full 0):
 garbage-first heap   total 51200K, used 39517K [0x0000000081600000, 0x0000000100000000)
  region size 1024K, 19 young (19456K), 1 survivors (1024K)
 Metaspace       used 52017K, committed 52480K, reserved 1114112K
  class space    used 7087K, committed 7296K, reserved 1048576K
}

